<?xml version="1.0" encoding="UTF-8"?>
<!-- Generated by org.testng.reporters.JUnitXMLReporter -->
<testsuite hostname="DESKTOP-T371OBQ" ignored="14" name="Default test" tests="1" failures="0" timestamp="2021-03-19T15:36:21 IST" time="1.748" errors="0">
  <testcase name="@BeforeClass initializeTestBaseSetup" time="-1.616148380612E9" classname="BasePage.BasePage">
    <failure type="org.testng.TestNGException" message="
Parameter &amp;apos;browserType&amp;apos; is required by BeforeClass on method initializeTestBaseSetup but has not been marked @Optional or defined
in C:\Users\sumit.soni\AppData\Local\Temp\testng-eclipse-2115245942\testng-customsuite.xml">
      <![CDATA[org.testng.TestNGException: 
Parameter 'browserType' is required by BeforeClass on method initializeTestBaseSetup but has not been marked @Optional or defined
in C:\Users\sumit.soni\AppData\Local\Temp\testng-eclipse-2115245942\testng-customsuite.xml
at org.testng.internal.Parameters.createParams(Parameters.java:268)
at org.testng.internal.Parameters.createParametersForMethod(Parameters.java:356)
at org.testng.internal.Parameters.createParameters(Parameters.java:700)
at org.testng.internal.Parameters.createConfigurationParameters(Parameters.java:166)
at org.testng.internal.ConfigInvoker.invokeConfigurations(ConfigInvoker.java:301)
at org.testng.internal.TestMethodWorker.invokeBeforeClassMethods(TestMethodWorker.java:176)
at org.testng.internal.TestMethodWorker.run(TestMethodWorker.java:122)
at java.util.ArrayList.forEach(Unknown Source)
at org.testng.TestRunner.privateRun(TestRunner.java:764)
at org.testng.TestRunner.run(TestRunner.java:585)
at org.testng.SuiteRunner.runTest(SuiteRunner.java:384)
at org.testng.SuiteRunner.runSequentially(SuiteRunner.java:378)
at org.testng.SuiteRunner.privateRun(SuiteRunner.java:337)
at org.testng.SuiteRunner.run(SuiteRunner.java:286)
at org.testng.SuiteRunnerWorker.runSuite(SuiteRunnerWorker.java:53)
at org.testng.SuiteRunnerWorker.run(SuiteRunnerWorker.java:96)
at org.testng.TestNG.runSuitesSequentially(TestNG.java:1218)
at org.testng.TestNG.runSuitesLocally(TestNG.java:1140)
at org.testng.TestNG.runSuites(TestNG.java:1069)
at org.testng.TestNG.run(TestNG.java:1037)
at org.testng.remote.AbstractRemoteTestNG.run(AbstractRemoteTestNG.java:115)
at org.testng.remote.RemoteTestNG.initAndRun(RemoteTestNG.java:251)
at org.testng.remote.RemoteTestNG.main(RemoteTestNG.java:77)
]]>
    </failure>
  </testcase> <!-- @BeforeClass initializeTestBaseSetup -->
  <testcase name="loginTest" time="0.0" classname="test.TestVeriday">
    <skipped/>
  </testcase> <!-- loginTest -->
  <testcase name="ValidateDigitalWorkSpaceOptions" time="0.0" classname="test.TestVeriday">
    <ignored/>
  </testcase> <!-- ValidateDigitalWorkSpaceOptions -->
  <testcase name="CreatePrimaryUserTest" time="0.0" classname="test.TestVeriday">
    <ignored/>
  </testcase> <!-- CreatePrimaryUserTest -->
  <testcase name="ImpersonateUserTest" time="0.0" classname="test.TestVeriday">
    <ignored/>
  </testcase> <!-- ImpersonateUserTest -->
  <testcase name="SearchUserTest" time="0.0" classname="test.TestVeriday">
    <ignored/>
  </testcase> <!-- SearchUserTest -->
  <testcase name="CreateNewEventTest" time="0.0" classname="test.TestVeriday">
    <ignored/>
  </testcase> <!-- CreateNewEventTest -->
  <testcase name="DeleteGroup" time="0.0" classname="test.TestVeriday">
    <ignored/>
  </testcase> <!-- DeleteGroup -->
  <testcase name="CreateGroup" time="0.0" classname="test.TestVeriday">
    <ignored/>
  </testcase> <!-- CreateGroup -->
  <testcase name="ValidateHomePgaeOptions" time="0.0" classname="test.TestVeriday">
    <ignored/>
  </testcase> <!-- ValidateHomePgaeOptions -->
  <testcase name="CreateTeamUserTest" time="0.0" classname="test.TestVeriday">
    <ignored/>
  </testcase> <!-- CreateTeamUserTest -->
  <testcase name="CreateNewWebPageTest" time="0.0" classname="test.TestVeriday">
    <ignored/>
  </testcase> <!-- CreateNewWebPageTest -->
  <testcase name="ValidateAdminHQOptions" time="0.0" classname="test.TestVeriday">
    <ignored/>
  </testcase> <!-- ValidateAdminHQOptions -->
  <testcase name="CreateRegion" time="0.0" classname="test.TestVeriday">
    <ignored/>
  </testcase> <!-- CreateRegion -->
  <testcase name="CreateUpdateGroup" time="0.0" classname="test.TestVeriday">
    <ignored/>
  </testcase> <!-- CreateUpdateGroup -->
  <testcase name="CreateNewFormTest" time="0.0" classname="test.TestVeriday">
    <ignored/>
  </testcase> <!-- CreateNewFormTest -->
</testsuite> <!-- Default test -->
